2014-07-09 15:28:47.066 HelloCordova[19197:90b] Multi-tasking -> Device: YES, App: YES
2014-07-09 15:28:47.599 HelloCordova[19197:90b] Unlimited access to network resources
2014-07-09 15:28:55.504 HelloCordova[19197:90b] [CDVTimer][statusbar] 1965.463996ms
2014-07-09 15:28:55.505 HelloCordova[19197:90b] [CDVTimer][TotalPluginStartup] 1966.071010ms
2014-07-09 15:28:56.615 HelloCordova[19197:90b] Resetting plugins due to page load.
2014-07-09 15:29:00.087 HelloCordova[19197:90b] Finished load of: file:///Users/wenceslao/Library/Application%20Support/iPhone%20Simulator/7.1/Applications/2F465175-FC61-4B1A-ADD0-91C54C0E534E/HelloCordova.app/www/index.html#/app/playlists
2014-07-09 15:29:00.205 HelloCordova[19197:90b] THREAD WARNING: ['Device'] took '88.133057' ms. Plugin should use a background thread.
2014-07-09 23:56:48.045 HelloCordova[24984:90b] Multi-tasking -> Device: YES, App: YES
2014-07-09 23:56:48.188 HelloCordova[24984:90b] Unlimited access to network resources
2014-07-09 23:56:57.972 HelloCordova[24984:90b] [CDVTimer][statusbar] 1996.236980ms
2014-07-09 23:56:57.973 HelloCordova[24984:90b] [CDVTimer][TotalPluginStartup] 1996.738017ms
2014-07-09 23:57:01.361 HelloCordova[24984:90b] Resetting plugins due to page load.
2014-07-09 23:57:05.896 HelloCordova[24984:90b] Finished load of: file:///Users/wenceslao/Library/Application%20Support/iPhone%20Simulator/7.1/Applications/2F465175-FC61-4B1A-ADD0-91C54C0E534E/HelloCordova.app/www/index.html#/app/init
2014-07-10 01:37:38.513 HelloCordova[26505:90b] Multi-tasking -> Device: YES, App: YES
2014-07-10 01:37:39.097 HelloCordova[26505:90b] Unlimited access to network resources
2014-07-10 01:37:57.808 HelloCordova[26505:90b] [CDVTimer][statusbar] 2873.758018ms
2014-07-10 01:37:57.809 HelloCordova[26505:90b] [CDVTimer][TotalPluginStartup] 2874.709010ms
2014-07-10 01:38:01.724 HelloCordova[26505:90b] Resetting plugins due to page load.
2014-07-10 01:38:15.679 HelloCordova[26505:90b] Finished load of: file:///Users/wenceslao/Library/Application%20Support/iPhone%20Simulator/7.1/Applications/2F465175-FC61-4B1A-ADD0-91C54C0E534E/HelloCordova.app/www/index.html#/app/login
2014-07-10 01:38:29.453 HelloCordova[26505:90b] THREAD WARNING: ['Device'] took '1326.609131' ms. Plugin should use a background thread.
2014-07-10 01:38:57.616 HelloCordova[26505:90b] Setting the WebView's frame to {{0, 0}, {320, 436}}
2014-07-10 01:38:57.779 HelloCordova[26505:90b] THREAD WARNING: ['InAppBrowser'] took '1672.887207' ms. Plugin should use a background thread.
2014-07-10 01:39:12.854 HelloCordova[26505:430b] CFNetwork SSLHandshake failed (-9806)
2014-07-10 01:39:17.694 HelloCordova[26505:90b] Setting the WebView's frame to {{0, 0}, {320, 436}}
2014-07-10 01:39:52.801 HelloCordova[26505:430b] CFNetwork SSLHandshake failed (-9806)
2014-07-10 01:40:00.685 HelloCordova[26505:430b] CFNetwork SSLHandshake failed (-9806)
2014-07-10 01:40:10.927 HelloCordova[26505:430b] CFNetwork SSLHandshake failed (-9806)
2014-07-10 01:40:10.928 HelloCordova[26505:430b] NSURLConnection/CFURLConnection HTTP load failed (kCFStreamErrorDomainSSL, -9806)
2014-07-10 01:40:12.569 HelloCordova[26505:90b] webView:didFailLoadWithError - -1200: An SSL error has occurred and a secure connection to the server cannot be made.
2014-07-10 01:52:24.856 HelloCordova[27003:90b] Multi-tasking -> Device: YES, App: YES
2014-07-10 01:52:25.018 HelloCordova[27003:90b] Unlimited access to network resources
2014-07-10 01:52:25.675 HelloCordova[27003:90b] [CDVTimer][statusbar] 421.716034ms
2014-07-10 01:52:25.676 HelloCordova[27003:90b] [CDVTimer][TotalPluginStartup] 422.878027ms
2014-07-10 01:52:28.287 HelloCordova[27003:90b] Resetting plugins due to page load.
2014-07-10 01:52:30.954 HelloCordova[27003:90b] Finished load of: file:///Users/wenceslao/Library/Application%20Support/iPhone%20Simulator/7.1/Applications/2F465175-FC61-4B1A-ADD0-91C54C0E534E/HelloCordova.app/www/index.html#/app/login
2014-07-10 01:52:31.073 HelloCordova[27003:90b] THREAD WARNING: ['Device'] took '25.120117' ms. Plugin should use a background thread.
2014-07-10 01:52:34.020 HelloCordova[27003:90b] THREAD WARNING: ['InAppBrowser'] took '46.619141' ms. Plugin should use a background thread.
2014-07-10 01:52:34.185 HelloCordova[27003:90b] Resetting plugins due to page load.
2014-07-10 01:52:34.186 HelloCordova[27003:90b] IAB.close() called but it was already closed.
2014-07-10 01:52:40.558 HelloCordova[27003:90b] Finished load of: https://www.google.com.mx/?gfe_rd=cr&ei=Mji-U-75FYiO8QeovIGICA&gws_rd=ssl
2014-07-10 01:53:06.298 HelloCordova[27003:90b] Resetting plugins due to page load.
2014-07-10 01:53:06.298 HelloCordova[27003:90b] IAB.close() called but it was already closed.
2014-07-10 01:53:06.944 HelloCordova[27003:90b] Finished load of: https://www.google.com.mx/webhp?hl=es-419&tbm=isch&tab=wi
2014-07-10 01:53:07.255 HelloCordova[27003:90b] Resetting plugins due to page load.
2014-07-10 01:53:07.256 HelloCordova[27003:90b] IAB.close() called but it was already closed.
2014-07-10 01:53:08.049 HelloCordova[27003:90b] Finished load of: https://www.google.com.mx/webhp?hl=es-419&tbm=isch&tab=ii
2014-07-10 01:53:08.384 HelloCordova[27003:90b] Resetting plugins due to page load.
2014-07-10 01:53:08.385 HelloCordova[27003:90b] IAB.close() called but it was already closed.
2014-07-10 01:53:09.054 HelloCordova[27003:90b] Finished load of: https://www.google.com.mx/webhp?hl=es-419&tab=iw
2014-07-10 01:53:09.787 HelloCordova[27003:90b] Resetting plugins due to page load.
2014-07-10 01:53:09.788 HelloCordova[27003:90b] IAB.close() called but it was already closed.
2014-07-10 01:53:10.436 HelloCordova[27003:90b] Finished load of: https://www.google.com.mx/webhp?tab=ww
2014-07-10 01:56:01.607 HelloCordova[27245:90b] Multi-tasking -> Device: YES, App: YES
2014-07-10 01:56:02.425 HelloCordova[27245:90b] Unlimited access to network resources
2014-07-10 01:56:03.895 HelloCordova[27245:90b] [CDVTimer][statusbar] 918.464005ms
2014-07-10 01:56:03.896 HelloCordova[27245:90b] [CDVTimer][TotalPluginStartup] 919.768989ms
2014-07-10 01:56:07.533 HelloCordova[27245:90b] Resetting plugins due to page load.
2014-07-10 01:56:14.275 HelloCordova[27245:90b] Finished load of: file:///Users/wenceslao/Library/Application%20Support/iPhone%20Simulator/7.1/Applications/2F465175-FC61-4B1A-ADD0-91C54C0E534E/HelloCordova.app/www/index.html#/app/login
2014-07-11 18:00:24.694 Efecto Total[22750:70b] Multi-tasking -> Device: YES, App: YES
2014-07-11 18:00:25.203 Efecto Total[22750:70b] Unlimited access to network resources
2014-07-11 18:00:27.898 Efecto Total[22750:70b] [CDVTimer][statusbar] 371.876001ms
2014-07-11 18:00:27.899 Efecto Total[22750:70b] [CDVTimer][TotalPluginStartup] 372.702956ms
2014-07-11 18:00:28.258 Efecto Total[22750:70b] Resetting plugins due to page load.
2014-07-11 18:00:29.788 Efecto Total[22750:70b] Finished load of: file:///Users/ares/Library/Application%20Support/iPhone%20Simulator/7.1/Applications/F221BA70-73E0-47CD-AE35-AE632910FE41/Efecto%20Total.app/www/index.html#/app/login
2014-07-11 18:08:03.806 Efecto Total[22750:70b] Setting the WebView's frame to {{0, 0}, {320, 436}}
2014-07-11 18:08:03.901 Efecto Total[22750:70b] THREAD WARNING: ['InAppBrowser'] took '448.081055' ms. Plugin should use a background thread.
2014-07-11 18:08:05.136 Efecto Total[22750:70b] webView:didFailLoadWithError - -999: The operation couldn’t be completed. (NSURLErrorDomain error -999.)
2014-07-14 10:53:19.062 Efecto Total[1101:70b] Multi-tasking -> Device: YES, App: YES
2014-07-14 10:53:19.393 Efecto Total[1101:70b] Unlimited access to network resources
2014-07-14 10:53:26.782 Efecto Total[1101:70b] [CDVTimer][statusbar] 1813.067019ms
2014-07-14 10:53:26.828 Efecto Total[1101:70b] [CDVTimer][TotalPluginStartup] 1860.013008ms
2014-07-14 10:53:28.002 Efecto Total[1101:70b] Resetting plugins due to page load.
2014-07-14 10:53:31.782 Efecto Total[1101:70b] Finished load of: file:///Users/ares/Library/Application%20Support/iPhone%20Simulator/7.1/Applications/F221BA70-73E0-47CD-AE35-AE632910FE41/Efecto%20Total.app/www/index.html#/app/login
2014-07-14 10:53:32.646 Efecto Total[1101:70b] THREAD WARNING: ['Device'] took '29.010254' ms. Plugin should use a background thread.
2014-07-14 11:18:08.614 Efecto Total[1101:70b] Setting the WebView's frame to {{0, 0}, {320, 436}}
2014-07-14 11:18:09.108 Efecto Total[1101:70b] THREAD WARNING: ['InAppBrowser'] took '2355.159180' ms. Plugin should use a background thread.
2014-07-14 11:18:14.752 Efecto Total[1101:70b] Setting the WebView's frame to {{0, 0}, {320, 436}}
2014-07-14 15:23:48.001 Efecto Total[1820:70b] Multi-tasking -> Device: YES, App: YES
2014-07-14 15:23:48.399 Efecto Total[1820:70b] Unlimited access to network resources
2014-07-14 15:23:56.395 Efecto Total[1820:70b] [CDVTimer][statusbar] 825.762987ms
2014-07-14 15:23:56.404 Efecto Total[1820:70b] [CDVTimer][TotalPluginStartup] 834.746003ms
2014-07-14 15:23:56.898 Efecto Total[1820:70b] Resetting plugins due to page load.
2014-07-14 15:23:58.974 Efecto Total[1820:70b] Finished load of: file:///Users/ares/Library/Application%20Support/iPhone%20Simulator/7.1/Applications/2658F36D-1228-46C5-B82A-7506E422ADCA/Efecto%20Total.app/www/index.html#/app/login
2014-07-14 15:23:59.605 Efecto Total[1820:70b] THREAD WARNING: ['Device'] took '16.298584' ms. Plugin should use a background thread.
Terminating in response to SpringBoard's termination.
2014-07-14 15:26:27.755 Efecto Total[2038:70b] Multi-tasking -> Device: YES, App: YES
2014-07-14 15:26:27.869 Efecto Total[2038:70b] Unlimited access to network resources
2014-07-14 15:26:28.288 Efecto Total[2038:70b] [CDVTimer][statusbar] 101.391017ms
2014-07-14 15:26:28.289 Efecto Total[2038:70b] [CDVTimer][TotalPluginStartup] 102.174044ms
2014-07-14 15:26:28.385 Efecto Total[2038:70b] Resetting plugins due to page load.
2014-07-14 15:26:30.027 Efecto Total[2038:70b] Finished load of: file:///Users/ares/Library/Application%20Support/iPhone%20Simulator/7.1/Applications/2658F36D-1228-46C5-B82A-7506E422ADCA/Efecto%20Total.app/www/index.html#/app/login
Terminating in response to SpringBoard's termination.
2014-07-14 15:29:23.661 Efecto Total[2265:70b] Multi-tasking -> Device: YES, App: YES
2014-07-14 15:29:23.848 Efecto Total[2265:70b] Unlimited access to network resources
2014-07-14 15:29:25.700 Efecto Total[2265:70b] [CDVTimer][statusbar] 198.071003ms
2014-07-14 15:29:25.700 Efecto Total[2265:70b] [CDVTimer][TotalPluginStartup] 198.814034ms
2014-07-14 15:29:25.902 Efecto Total[2265:70b] Resetting plugins due to page load.
2014-07-14 15:29:27.112 Efecto Total[2265:70b] Finished load of: file:///Users/ares/Library/Application%20Support/iPhone%20Simulator/7.1/Applications/2658F36D-1228-46C5-B82A-7506E422ADCA/Efecto%20Total.app/www/index.html#/app/login
2014-07-14 15:41:41.860 Efecto Total[2495:70b] Multi-tasking -> Device: YES, App: YES
2014-07-14 15:41:42.648 Efecto Total[2495:70b] Unlimited access to network resources
2014-07-14 15:41:43.896 Efecto Total[2495:70b] [CDVTimer][statusbar] 250.670016ms
2014-07-14 15:41:43.896 Efecto Total[2495:70b] [CDVTimer][TotalPluginStartup] 251.419008ms
2014-07-14 15:41:44.300 Efecto Total[2495:70b] Resetting plugins due to page load.
2014-07-14 15:41:48.778 Efecto Total[2495:70b] Finished load of: file:///Users/ares/Library/Application%20Support/iPhone%20Simulator/7.1/Applications/2658F36D-1228-46C5-B82A-7506E422ADCA/Efecto%20Total.app/www/index.html#/app/login
2014-07-14 15:41:49.038 Efecto Total[2495:70b] THREAD WARNING: ['Device'] took '11.740967' ms. Plugin should use a background thread.
2014-07-14 15:44:02.096 Efecto Total[2714:70b] Multi-tasking -> Device: YES, App: YES
2014-07-14 15:44:02.303 Efecto Total[2714:70b] Unlimited access to network resources
2014-07-14 15:44:02.601 Efecto Total[2714:70b] [CDVTimer][statusbar] 91.959953ms
2014-07-14 15:44:02.602 Efecto Total[2714:70b] [CDVTimer][TotalPluginStartup] 92.675984ms
2014-07-14 15:44:02.692 Efecto Total[2714:70b] Resetting plugins due to page load.
2014-07-14 15:44:03.574 Efecto Total[2714:70b] Finished load of: file:///Users/ares/Library/Application%20Support/iPhone%20Simulator/7.1/Applications/2658F36D-1228-46C5-B82A-7506E422ADCA/Efecto%20Total.app/www/index.html#/app/login
2014-07-14 15:45:44.224 Efecto Total[2939:70b] Multi-tasking -> Device: YES, App: YES
2014-07-14 15:45:44.310 Efecto Total[2939:70b] Unlimited access to network resources
2014-07-14 15:45:44.827 Efecto Total[2939:70b] [CDVTimer][statusbar] 183.901966ms
2014-07-14 15:45:44.828 Efecto Total[2939:70b] [CDVTimer][TotalPluginStartup] 184.747994ms
2014-07-14 15:45:44.929 Efecto Total[2939:70b] Resetting plugins due to page load.
2014-07-14 15:45:45.894 Efecto Total[2939:70b] Finished load of: file:///Users/ares/Library/Application%20Support/iPhone%20Simulator/7.1/Applications/2658F36D-1228-46C5-B82A-7506E422ADCA/Efecto%20Total.app/www/index.html#/app/login
2014-07-14 15:51:38.699 Efecto Total[3239:70b] Multi-tasking -> Device: YES, App: YES
2014-07-14 15:51:38.781 Efecto Total[3239:70b] Unlimited access to network resources
2014-07-14 15:51:39.454 Efecto Total[3239:70b] [CDVTimer][statusbar] 138.899982ms
2014-07-14 15:51:39.455 Efecto Total[3239:70b] [CDVTimer][TotalPluginStartup] 139.517963ms
2014-07-14 15:51:39.593 Efecto Total[3239:70b] Resetting plugins due to page load.
2014-07-14 15:51:40.604 Efecto Total[3239:70b] Finished load of: file:///Users/ares/Library/Application%20Support/iPhone%20Simulator/7.1/Applications/2658F36D-1228-46C5-B82A-7506E422ADCA/Efecto%20Total.app/www/index.html#/app/login
2014-07-14 15:54:41.417 Efecto Total[3464:70b] Multi-tasking -> Device: YES, App: YES
2014-07-14 15:54:41.438 Efecto Total[3464:70b] Unlimited access to network resources
2014-07-14 15:54:41.553 Efecto Total[3464:70b] [CDVTimer][statusbar] 37.189007ms
2014-07-14 15:54:41.554 Efecto Total[3464:70b] [CDVTimer][TotalPluginStartup] 37.788033ms
2014-07-14 15:54:41.761 Efecto Total[3464:70b] Resetting plugins due to page load.
2014-07-14 15:54:43.459 Efecto Total[3464:70b] Finished load of: file:///Users/ares/Library/Application%20Support/iPhone%20Simulator/7.1/Applications/2658F36D-1228-46C5-B82A-7506E422ADCA/Efecto%20Total.app/www/index.html#/app/login
2014-07-14 16:05:05.463 Efecto Total[3754:70b] Multi-tasking -> Device: YES, App: YES
2014-07-14 16:05:05.541 Efecto Total[3754:70b] Unlimited access to network resources
2014-07-14 16:05:05.966 Efecto Total[3754:70b] [CDVTimer][statusbar] 131.823003ms
2014-07-14 16:05:05.966 Efecto Total[3754:70b] [CDVTimer][TotalPluginStartup] 132.425010ms
2014-07-14 16:05:06.073 Efecto Total[3754:70b] Resetting plugins due to page load.
2014-07-14 16:05:07.691 Efecto Total[3754:70b] Finished load of: file:///Users/ares/Library/Application%20Support/iPhone%20Simulator/7.1/Applications/2658F36D-1228-46C5-B82A-7506E422ADCA/Efecto%20Total.app/www/index.html#/app/login
2014-07-14 17:22:43.239 Efecto Total[4177:70b] Multi-tasking -> Device: YES, App: YES
2014-07-14 17:22:43.771 Efecto Total[4177:70b] Unlimited access to network resources
2014-07-14 17:22:51.420 Efecto Total[4177:70b] [CDVTimer][statusbar] 947.163999ms
2014-07-14 17:22:51.420 Efecto Total[4177:70b] [CDVTimer][TotalPluginStartup] 947.788954ms
2014-07-14 17:22:52.365 Efecto Total[4177:70b] Resetting plugins due to page load.
2014-07-14 17:22:55.178 Efecto Total[4177:70b] Finished load of: file:///Users/ares/Library/Application%20Support/iPhone%20Simulator/7.1/Applications/2658F36D-1228-46C5-B82A-7506E422ADCA/Efecto%20Total.app/www/index.html#/app/login
2014-07-15 12:00:52.759 Efecto Total[1664:70b] Multi-tasking -> Device: YES, App: YES
2014-07-15 12:00:53.016 Efecto Total[1664:70b] Unlimited access to network resources
2014-07-15 12:00:56.451 Efecto Total[1664:70b] [CDVTimer][statusbar] 1210.251987ms
2014-07-15 12:00:56.452 Efecto Total[1664:70b] [CDVTimer][TotalPluginStartup] 1210.951030ms
2014-07-15 12:00:56.921 Efecto Total[1664:70b] Resetting plugins due to page load.
2014-07-15 12:00:58.890 Efecto Total[1664:70b] Finished load of: file:///Users/ares/Library/Application%20Support/iPhone%20Simulator/7.1/Applications/2658F36D-1228-46C5-B82A-7506E422ADCA/Efecto%20Total.app/www/index.html#/app/perfil
